nov. 04, 2016 3:37:04 PM org.apache.catalina.core.ApplicationContext log
INFOS: No Spring WebApplicationInitializer types detected on classpath
nov. 04, 2016 3:37:04 PM org.apache.catalina.core.ApplicationContext log
INFOS: Initializing Spring root WebApplicationContext
nov. 04, 2016 3:37:05 PM org.apache.catalina.core.StandardContext listenerStart
GRAVE: Exception lors de l'envoi de l'évènement contexte initialisé (context initialized) à l'instance de classe d'écoute (listener) org.springframework.web.context.ContextLoaderListener
org.springframework.beans.factory.BeanDefinitionStoreException: Failed to load bean class: com.ujm.xmltech.services.impl.TransactionServiceImpl; nested exception is org.springframework.core.NestedIOException: ASM ClassReader failed to parse class file - probably due to a new Java class file version that isn't supported yet: class path resource [java/lang/annotation/Target.class]; nested exception is java.lang.IllegalArgumentException
	at org.springframework.context.annotation.ConfigurationClassPostProcessor.processConfigBeanDefinitions(ConfigurationClassPostProcessor.java:289)
	at org.springframework.context.annotation.ConfigurationClassPostProcessor.postProcessBeanDefinitionRegistry(ConfigurationClassPostProcessor.java:223)
	at org.springframework.context.support.AbstractApplicationContext.invokeBeanFactoryPostProcessors(AbstractApplicationContext.java:630)
	at org.springframework.context.support.AbstractApplicationContext.refresh(AbstractApplicationContext.java:461)
	at org.springframework.web.context.ContextLoader.configureAndRefreshWebApplicationContext(ContextLoader.java:389)
	at org.springframework.web.context.ContextLoader.initWebApplicationContext(ContextLoader.java:294)
	at org.springframework.web.context.ContextLoaderListener.contextInitialized(ContextLoaderListener.java:112)
	at org.apache.catalina.core.StandardContext.listenerStart(StandardContext.java:4939)
	at org.apache.catalina.core.StandardContext.startInternal(StandardContext.java:5434)
	at org.apache.catalina.util.LifecycleBase.start(LifecycleBase.java:150)
	at org.apache.catalina.core.ContainerBase.addChildInternal(ContainerBase.java:901)
	at org.apache.catalina.core.ContainerBase.addChild(ContainerBase.java:877)
	at org.apache.catalina.core.StandardHost.addChild(StandardHost.java:633)
	at org.apache.catalina.startup.HostConfig.deployDescriptor(HostConfig.java:663)
	at org.apache.catalina.startup.HostConfig$DeployDescriptor.run(HostConfig.java:1642)
	at java.util.concurrent.Executors$RunnableAdapter.call(Executors.java:511)
	at java.util.concurrent.FutureTask.run(FutureTask.java:266)
	at java.util.concurrent.ThreadPoolExecutor.runWorker(ThreadPoolExecutor.java:1142)
	at java.util.concurrent.ThreadPoolExecutor$Worker.run(ThreadPoolExecutor.java:617)
	at java.lang.Thread.run(Thread.java:745)
Caused by: org.springframework.core.NestedIOException: ASM ClassReader failed to parse class file - probably due to a new Java class file version that isn't supported yet: class path resource [java/lang/annotation/Target.class]; nested exception is java.lang.IllegalArgumentException
	at org.springframework.core.type.classreading.SimpleMetadataReader.<init>(SimpleMetadataReader.java:56)
	at org.springframework.core.type.classreading.SimpleMetadataReaderFactory.getMetadataReader(SimpleMetadataReaderFactory.java:80)
	at org.springframework.core.type.classreading.CachingMetadataReaderFactory.getMetadataReader(CachingMetadataReaderFactory.java:102)
	at org.springframework.core.type.classreading.SimpleMetadataReaderFactory.getMetadataReader(SimpleMetadataReaderFactory.java:76)
	at org.springframework.context.annotation.ConfigurationClassParser.getImports(ConfigurationClassParser.java:298)
	at org.springframework.context.annotation.ConfigurationClassParser.getImports(ConfigurationClassParser.java:300)
	at org.springframework.context.annotation.ConfigurationClassParser.getImports(ConfigurationClassParser.java:300)
	at org.springframework.context.annotation.ConfigurationClassParser.doProcessConfigurationClass(ConfigurationClassParser.java:230)
	at org.springframework.context.annotation.ConfigurationClassParser.processConfigurationClass(ConfigurationClassParser.java:153)
	at org.springframework.context.annotation.ConfigurationClassParser.parse(ConfigurationClassParser.java:130)
	at org.springframework.context.annotation.ConfigurationClassPostProcessor.processConfigBeanDefinitions(ConfigurationClassPostProcessor.java:285)
	... 19 more
Caused by: java.lang.IllegalArgumentException
	at org.springframework.asm.ClassReader.<init>(Unknown Source)
	at org.springframework.asm.ClassReader.<init>(Unknown Source)
	at org.springframework.asm.ClassReader.<init>(Unknown Source)
	at org.springframework.core.type.classreading.SimpleMetadataReader.<init>(SimpleMetadataReader.java:53)
	... 29 more

nov. 04, 2016 3:37:05 PM org.apache.catalina.core.ApplicationContext log
INFOS: Closing Spring root WebApplicationContext
nov. 04, 2016 3:37:07 PM org.apache.catalina.core.ApplicationContext log
INFOS: ContextListener: contextInitialized()
nov. 04, 2016 3:37:07 PM org.apache.catalina.core.ApplicationContext log
INFOS: SessionListener: contextInitialized()
nov. 04, 2016 3:37:07 PM org.apache.catalina.core.ApplicationContext log
INFOS: ContextListener: attributeAdded('org.apache.jasper.compiler.TldLocationsCache', 'org.apache.jasper.compiler.TldLocationsCache@1889639b')
nov. 04, 2016 3:37:19 PM org.apache.catalina.core.ApplicationContext log
INFOS: No Spring WebApplicationInitializer types detected on classpath
nov. 04, 2016 3:37:19 PM org.apache.catalina.core.ApplicationContext log
INFOS: Initializing Spring root WebApplicationContext
nov. 04, 2016 3:37:20 PM org.apache.catalina.core.StandardContext listenerStart
GRAVE: Exception lors de l'envoi de l'évènement contexte initialisé (context initialized) à l'instance de classe d'écoute (listener) org.springframework.web.context.ContextLoaderListener
org.springframework.beans.factory.BeanDefinitionStoreException: Failed to load bean class: com.ujm.xmltech.services.impl.TransactionServiceImpl; nested exception is org.springframework.core.NestedIOException: ASM ClassReader failed to parse class file - probably due to a new Java class file version that isn't supported yet: class path resource [java/lang/annotation/Target.class]; nested exception is java.lang.IllegalArgumentException
	at org.springframework.context.annotation.ConfigurationClassPostProcessor.processConfigBeanDefinitions(ConfigurationClassPostProcessor.java:289)
	at org.springframework.context.annotation.ConfigurationClassPostProcessor.postProcessBeanDefinitionRegistry(ConfigurationClassPostProcessor.java:223)
	at org.springframework.context.support.AbstractApplicationContext.invokeBeanFactoryPostProcessors(AbstractApplicationContext.java:630)
	at org.springframework.context.support.AbstractApplicationContext.refresh(AbstractApplicationContext.java:461)
	at org.springframework.web.context.ContextLoader.configureAndRefreshWebApplicationContext(ContextLoader.java:389)
	at org.springframework.web.context.ContextLoader.initWebApplicationContext(ContextLoader.java:294)
	at org.springframework.web.context.ContextLoaderListener.contextInitialized(ContextLoaderListener.java:112)
	at org.apache.catalina.core.StandardContext.listenerStart(StandardContext.java:4939)
	at org.apache.catalina.core.StandardContext.startInternal(StandardContext.java:5434)
	at org.apache.catalina.util.LifecycleBase.start(LifecycleBase.java:150)
	at org.apache.catalina.core.ContainerBase.addChildInternal(ContainerBase.java:901)
	at org.apache.catalina.core.ContainerBase.addChild(ContainerBase.java:877)
	at org.apache.catalina.core.StandardHost.addChild(StandardHost.java:633)
	at org.apache.catalina.startup.HostConfig.deployDescriptor(HostConfig.java:663)
	at org.apache.catalina.startup.HostConfig.deployApps(HostConfig.java:542)
	at org.apache.catalina.startup.HostConfig.check(HostConfig.java:1468)
	at sun.reflect.NativeMethodAccessorImpl.invoke0(Native Method)
	at sun.reflect.NativeMethodAccessorImpl.invoke(NativeMethodAccessorImpl.java:62)
	at sun.reflect.DelegatingMethodAccessorImpl.invoke(DelegatingMethodAccessorImpl.java:43)
	at java.lang.reflect.Method.invoke(Method.java:498)
	at org.apache.tomcat.util.modeler.BaseModelMBean.invoke(BaseModelMBean.java:301)
	at com.sun.jmx.interceptor.DefaultMBeanServerInterceptor.invoke(DefaultMBeanServerInterceptor.java:819)
	at com.sun.jmx.mbeanserver.JmxMBeanServer.invoke(JmxMBeanServer.java:801)
	at org.apache.catalina.manager.ManagerServlet.check(ManagerServlet.java:1447)
	at org.apache.catalina.manager.ManagerServlet.deploy(ManagerServlet.java:862)
	at org.apache.catalina.manager.ManagerServlet.doGet(ManagerServlet.java:358)
	at javax.servlet.http.HttpServlet.service(HttpServlet.java:621)
	at javax.servlet.http.HttpServlet.service(HttpServlet.java:728)
	at org.apache.catalina.core.ApplicationFilterChain.internalDoFilter(ApplicationFilterChain.java:305)
	at org.apache.catalina.core.ApplicationFilterChain.doFilter(ApplicationFilterChain.java:210)
	at org.apache.tomcat.websocket.server.WsFilter.doFilter(WsFilter.java:51)
	at org.apache.catalina.core.ApplicationFilterChain.internalDoFilter(ApplicationFilterChain.java:243)
	at org.apache.catalina.core.ApplicationFilterChain.doFilter(ApplicationFilterChain.java:210)
	at org.apache.catalina.filters.SetCharacterEncodingFilter.doFilter(SetCharacterEncodingFilter.java:108)
	at org.apache.catalina.core.ApplicationFilterChain.internalDoFilter(ApplicationFilterChain.java:243)
	at org.apache.catalina.core.ApplicationFilterChain.doFilter(ApplicationFilterChain.java:210)
	at org.apache.catalina.core.StandardWrapperValve.invoke(StandardWrapperValve.java:222)
	at org.apache.catalina.core.StandardContextValve.invoke(StandardContextValve.java:123)
	at org.apache.catalina.authenticator.AuthenticatorBase.invoke(AuthenticatorBase.java:611)
	at org.apache.catalina.core.StandardHostValve.invoke(StandardHostValve.java:171)
	at org.apache.catalina.valves.ErrorReportValve.invoke(ErrorReportValve.java:100)
	at org.apache.catalina.valves.AccessLogValve.invoke(AccessLogValve.java:953)
	at org.apache.catalina.core.StandardEngineValve.invoke(StandardEngineValve.java:118)
	at org.apache.catalina.connector.CoyoteAdapter.service(CoyoteAdapter.java:408)
	at org.apache.coyote.http11.AbstractHttp11Processor.process(AbstractHttp11Processor.java:1041)
	at org.apache.coyote.AbstractProtocol$AbstractConnectionHandler.process(AbstractProtocol.java:603)
	at org.apache.tomcat.util.net.JIoEndpoint$SocketProcessor.run(JIoEndpoint.java:310)
	at java.util.concurrent.ThreadPoolExecutor.runWorker(ThreadPoolExecutor.java:1142)
	at java.util.concurrent.ThreadPoolExecutor$Worker.run(ThreadPoolExecutor.java:617)
	at java.lang.Thread.run(Thread.java:745)
Caused by: org.springframework.core.NestedIOException: ASM ClassReader failed to parse class file - probably due to a new Java class file version that isn't supported yet: class path resource [java/lang/annotation/Target.class]; nested exception is java.lang.IllegalArgumentException
	at org.springframework.core.type.classreading.SimpleMetadataReader.<init>(SimpleMetadataReader.java:56)
	at org.springframework.core.type.classreading.SimpleMetadataReaderFactory.getMetadataReader(SimpleMetadataReaderFactory.java:80)
	at org.springframework.core.type.classreading.CachingMetadataReaderFactory.getMetadataReader(CachingMetadataReaderFactory.java:102)
	at org.springframework.core.type.classreading.SimpleMetadataReaderFactory.getMetadataReader(SimpleMetadataReaderFactory.java:76)
	at org.springframework.context.annotation.ConfigurationClassParser.getImports(ConfigurationClassParser.java:298)
	at org.springframework.context.annotation.ConfigurationClassParser.getImports(ConfigurationClassParser.java:300)
	at org.springframework.context.annotation.ConfigurationClassParser.getImports(ConfigurationClassParser.java:300)
	at org.springframework.context.annotation.ConfigurationClassParser.doProcessConfigurationClass(ConfigurationClassParser.java:230)
	at org.springframework.context.annotation.ConfigurationClassParser.processConfigurationClass(ConfigurationClassParser.java:153)
	at org.springframework.context.annotation.ConfigurationClassParser.parse(ConfigurationClassParser.java:130)
	at org.springframework.context.annotation.ConfigurationClassPostProcessor.processConfigBeanDefinitions(ConfigurationClassPostProcessor.java:285)
	... 49 more
Caused by: java.lang.IllegalArgumentException
	at org.springframework.asm.ClassReader.<init>(Unknown Source)
	at org.springframework.asm.ClassReader.<init>(Unknown Source)
	at org.springframework.asm.ClassReader.<init>(Unknown Source)
	at org.springframework.core.type.classreading.SimpleMetadataReader.<init>(SimpleMetadataReader.java:53)
	... 59 more

nov. 04, 2016 3:37:20 PM org.apache.catalina.core.ApplicationContext log
INFOS: Closing Spring root WebApplicationContext
nov. 04, 2016 3:37:36 PM org.apache.catalina.core.ApplicationContext log
INFOS: No Spring WebApplicationInitializer types detected on classpath
nov. 04, 2016 3:37:36 PM org.apache.catalina.core.ApplicationContext log
INFOS: Initializing Spring root WebApplicationContext
nov. 04, 2016 3:37:36 PM org.apache.catalina.core.StandardContext listenerStart
GRAVE: Exception lors de l'envoi de l'évènement contexte initialisé (context initialized) à l'instance de classe d'écoute (listener) org.springframework.web.context.ContextLoaderListener
org.springframework.beans.factory.BeanDefinitionStoreException: Failed to load bean class: com.ujm.xmltech.services.impl.TransactionServiceImpl; nested exception is org.springframework.core.NestedIOException: ASM ClassReader failed to parse class file - probably due to a new Java class file version that isn't supported yet: class path resource [java/lang/annotation/Target.class]; nested exception is java.lang.IllegalArgumentException
	at org.springframework.context.annotation.ConfigurationClassPostProcessor.processConfigBeanDefinitions(ConfigurationClassPostProcessor.java:289)
	at org.springframework.context.annotation.ConfigurationClassPostProcessor.postProcessBeanDefinitionRegistry(ConfigurationClassPostProcessor.java:223)
	at org.springframework.context.support.AbstractApplicationContext.invokeBeanFactoryPostProcessors(AbstractApplicationContext.java:630)
	at org.springframework.context.support.AbstractApplicationContext.refresh(AbstractApplicationContext.java:461)
	at org.springframework.web.context.ContextLoader.configureAndRefreshWebApplicationContext(ContextLoader.java:389)
	at org.springframework.web.context.ContextLoader.initWebApplicationContext(ContextLoader.java:294)
	at org.springframework.web.context.ContextLoaderListener.contextInitialized(ContextLoaderListener.java:112)
	at org.apache.catalina.core.StandardContext.listenerStart(StandardContext.java:4939)
	at org.apache.catalina.core.StandardContext.startInternal(StandardContext.java:5434)
	at org.apache.catalina.util.LifecycleBase.start(LifecycleBase.java:150)
	at org.apache.catalina.core.ContainerBase.addChildInternal(ContainerBase.java:901)
	at org.apache.catalina.core.ContainerBase.addChild(ContainerBase.java:877)
	at org.apache.catalina.core.StandardHost.addChild(StandardHost.java:633)
	at org.apache.catalina.startup.HostConfig.deployDescriptor(HostConfig.java:663)
	at org.apache.catalina.startup.HostConfig.deployApps(HostConfig.java:542)
	at org.apache.catalina.startup.HostConfig.check(HostConfig.java:1468)
	at sun.reflect.NativeMethodAccessorImpl.invoke0(Native Method)
	at sun.reflect.NativeMethodAccessorImpl.invoke(NativeMethodAccessorImpl.java:62)
	at sun.reflect.DelegatingMethodAccessorImpl.invoke(DelegatingMethodAccessorImpl.java:43)
	at java.lang.reflect.Method.invoke(Method.java:498)
	at org.apache.tomcat.util.modeler.BaseModelMBean.invoke(BaseModelMBean.java:301)
	at com.sun.jmx.interceptor.DefaultMBeanServerInterceptor.invoke(DefaultMBeanServerInterceptor.java:819)
	at com.sun.jmx.mbeanserver.JmxMBeanServer.invoke(JmxMBeanServer.java:801)
	at org.apache.catalina.manager.ManagerServlet.check(ManagerServlet.java:1447)
	at org.apache.catalina.manager.ManagerServlet.deploy(ManagerServlet.java:862)
	at org.apache.catalina.manager.ManagerServlet.doGet(ManagerServlet.java:358)
	at javax.servlet.http.HttpServlet.service(HttpServlet.java:621)
	at javax.servlet.http.HttpServlet.service(HttpServlet.java:728)
	at org.apache.catalina.core.ApplicationFilterChain.internalDoFilter(ApplicationFilterChain.java:305)
	at org.apache.catalina.core.ApplicationFilterChain.doFilter(ApplicationFilterChain.java:210)
	at org.apache.tomcat.websocket.server.WsFilter.doFilter(WsFilter.java:51)
	at org.apache.catalina.core.ApplicationFilterChain.internalDoFilter(ApplicationFilterChain.java:243)
	at org.apache.catalina.core.ApplicationFilterChain.doFilter(ApplicationFilterChain.java:210)
	at org.apache.catalina.filters.SetCharacterEncodingFilter.doFilter(SetCharacterEncodingFilter.java:108)
	at org.apache.catalina.core.ApplicationFilterChain.internalDoFilter(ApplicationFilterChain.java:243)
	at org.apache.catalina.core.ApplicationFilterChain.doFilter(ApplicationFilterChain.java:210)
	at org.apache.catalina.core.StandardWrapperValve.invoke(StandardWrapperValve.java:222)
	at org.apache.catalina.core.StandardContextValve.invoke(StandardContextValve.java:123)
	at org.apache.catalina.authenticator.AuthenticatorBase.invoke(AuthenticatorBase.java:611)
	at org.apache.catalina.core.StandardHostValve.invoke(StandardHostValve.java:171)
	at org.apache.catalina.valves.ErrorReportValve.invoke(ErrorReportValve.java:100)
	at org.apache.catalina.valves.AccessLogValve.invoke(AccessLogValve.java:953)
	at org.apache.catalina.core.StandardEngineValve.invoke(StandardEngineValve.java:118)
	at org.apache.catalina.connector.CoyoteAdapter.service(CoyoteAdapter.java:408)
	at org.apache.coyote.http11.AbstractHttp11Processor.process(AbstractHttp11Processor.java:1041)
	at org.apache.coyote.AbstractProtocol$AbstractConnectionHandler.process(AbstractProtocol.java:603)
	at org.apache.tomcat.util.net.JIoEndpoint$SocketProcessor.run(JIoEndpoint.java:310)
	at java.util.concurrent.ThreadPoolExecutor.runWorker(ThreadPoolExecutor.java:1142)
	at java.util.concurrent.ThreadPoolExecutor$Worker.run(ThreadPoolExecutor.java:617)
	at java.lang.Thread.run(Thread.java:745)
Caused by: org.springframework.core.NestedIOException: ASM ClassReader failed to parse class file - probably due to a new Java class file version that isn't supported yet: class path resource [java/lang/annotation/Target.class]; nested exception is java.lang.IllegalArgumentException
	at org.springframework.core.type.classreading.SimpleMetadataReader.<init>(SimpleMetadataReader.java:56)
	at org.springframework.core.type.classreading.SimpleMetadataReaderFactory.getMetadataReader(SimpleMetadataReaderFactory.java:80)
	at org.springframework.core.type.classreading.CachingMetadataReaderFactory.getMetadataReader(CachingMetadataReaderFactory.java:102)
	at org.springframework.core.type.classreading.SimpleMetadataReaderFactory.getMetadataReader(SimpleMetadataReaderFactory.java:76)
	at org.springframework.context.annotation.ConfigurationClassParser.getImports(ConfigurationClassParser.java:298)
	at org.springframework.context.annotation.ConfigurationClassParser.getImports(ConfigurationClassParser.java:300)
	at org.springframework.context.annotation.ConfigurationClassParser.getImports(ConfigurationClassParser.java:300)
	at org.springframework.context.annotation.ConfigurationClassParser.doProcessConfigurationClass(ConfigurationClassParser.java:230)
	at org.springframework.context.annotation.ConfigurationClassParser.processConfigurationClass(ConfigurationClassParser.java:153)
	at org.springframework.context.annotation.ConfigurationClassParser.parse(ConfigurationClassParser.java:130)
	at org.springframework.context.annotation.ConfigurationClassPostProcessor.processConfigBeanDefinitions(ConfigurationClassPostProcessor.java:285)
	... 49 more
Caused by: java.lang.IllegalArgumentException
	at org.springframework.asm.ClassReader.<init>(Unknown Source)
	at org.springframework.asm.ClassReader.<init>(Unknown Source)
	at org.springframework.asm.ClassReader.<init>(Unknown Source)
	at org.springframework.core.type.classreading.SimpleMetadataReader.<init>(SimpleMetadataReader.java:53)
	... 59 more

nov. 04, 2016 3:37:36 PM org.apache.catalina.core.ApplicationContext log
INFOS: Closing Spring root WebApplicationContext
nov. 04, 2016 3:48:00 PM org.apache.catalina.core.ApplicationContext log
INFOS: No Spring WebApplicationInitializer types detected on classpath
nov. 04, 2016 3:48:00 PM org.apache.catalina.core.ApplicationContext log
INFOS: Initializing Spring root WebApplicationContext
nov. 04, 2016 3:48:02 PM org.apache.catalina.core.StandardContext listenerStart
GRAVE: Exception lors de l'envoi de l'évènement contexte initialisé (context initialized) à l'instance de classe d'écoute (listener) org.springframework.web.context.ContextLoaderListener
org.springframework.beans.factory.BeanCreationException: Error creating bean with name 'org.springframework.dao.annotation.PersistenceExceptionTranslationPostProcessor#0' defined in class path resource [spring/batch/config/db-context.xml]: Initialization of bean failed; nested exception is org.springframework.beans.factory.BeanCreationException: Error creating bean with name 'bankEntityManagerFactory' defined in class path resource [spring/batch/config/db-context.xml]: Invocation of init method failed; nested exception is java.lang.RuntimeException: error trying to scan <jar-file>: file:/home/clement/Bureau/CorrectionTP/InitialisationProjetAvance/target/spring-batch/WEB-INF/classes
	at org.springframework.beans.factory.support.AbstractAutowireCapableBeanFactory.doCreateBean(AbstractAutowireCapableBeanFactory.java:532)
	at org.springframework.beans.factory.support.AbstractAutowireCapableBeanFactory.createBean(AbstractAutowireCapableBeanFactory.java:461)
	at org.springframework.beans.factory.support.AbstractBeanFactory$1.getObject(AbstractBeanFactory.java:295)
	at org.springframework.beans.factory.support.DefaultSingletonBeanRegistry.getSingleton(DefaultSingletonBeanRegistry.java:223)
	at org.springframework.beans.factory.support.AbstractBeanFactory.doGetBean(AbstractBeanFactory.java:292)
	at org.springframework.beans.factory.support.AbstractBeanFactory.getBean(AbstractBeanFactory.java:198)
	at org.springframework.context.support.AbstractApplicationContext.registerBeanPostProcessors(AbstractApplicationContext.java:741)
	at org.springframework.context.support.AbstractApplicationContext.refresh(AbstractApplicationContext.java:464)
	at org.springframework.web.context.ContextLoader.configureAndRefreshWebApplicationContext(ContextLoader.java:389)
	at org.springframework.web.context.ContextLoader.initWebApplicationContext(ContextLoader.java:294)
	at org.springframework.web.context.ContextLoaderListener.contextInitialized(ContextLoaderListener.java:112)
	at org.apache.catalina.core.StandardContext.listenerStart(StandardContext.java:4939)
	at org.apache.catalina.core.StandardContext.startInternal(StandardContext.java:5434)
	at org.apache.catalina.util.LifecycleBase.start(LifecycleBase.java:150)
	at org.apache.catalina.core.ContainerBase.addChildInternal(ContainerBase.java:901)
	at org.apache.catalina.core.ContainerBase.addChild(ContainerBase.java:877)
	at org.apache.catalina.core.StandardHost.addChild(StandardHost.java:633)
	at org.apache.catalina.startup.HostConfig.deployDescriptor(HostConfig.java:663)
	at org.apache.catalina.startup.HostConfig$DeployDescriptor.run(HostConfig.java:1642)
	at java.util.concurrent.Executors$RunnableAdapter.call(Executors.java:471)
	at java.util.concurrent.FutureTask.run(FutureTask.java:262)
	at java.util.concurrent.ThreadPoolExecutor.runWorker(ThreadPoolExecutor.java:1145)
	at java.util.concurrent.ThreadPoolExecutor$Worker.run(ThreadPoolExecutor.java:615)
	at java.lang.Thread.run(Thread.java:745)
Caused by: org.springframework.beans.factory.BeanCreationException: Error creating bean with name 'bankEntityManagerFactory' defined in class path resource [spring/batch/config/db-context.xml]: Invocation of init method failed; nested exception is java.lang.RuntimeException: error trying to scan <jar-file>: file:/home/clement/Bureau/CorrectionTP/InitialisationProjetAvance/target/spring-batch/WEB-INF/classes
	at org.springframework.beans.factory.support.AbstractAutowireCapableBeanFactory.initializeBean(AbstractAutowireCapableBeanFactory.java:1488)
	at org.springframework.beans.factory.support.AbstractAutowireCapableBeanFactory.doCreateBean(AbstractAutowireCapableBeanFactory.java:524)
	at org.springframework.beans.factory.support.AbstractAutowireCapableBeanFactory.createBean(AbstractAutowireCapableBeanFactory.java:461)
	at org.springframework.beans.factory.support.AbstractBeanFactory$1.getObject(AbstractBeanFactory.java:295)
	at org.springframework.beans.factory.support.DefaultSingletonBeanRegistry.getSingleton(DefaultSingletonBeanRegistry.java:223)
	at org.springframework.beans.factory.support.AbstractBeanFactory.doGetBean(AbstractBeanFactory.java:292)
	at org.springframework.beans.factory.support.AbstractBeanFactory.getBean(AbstractBeanFactory.java:198)
	at org.springframework.beans.factory.support.DefaultListableBeanFactory.getBeansOfType(DefaultListableBeanFactory.java:439)
	at org.springframework.beans.factory.BeanFactoryUtils.beansOfTypeIncludingAncestors(BeanFactoryUtils.java:277)
	at org.springframework.dao.support.PersistenceExceptionTranslationInterceptor.detectPersistenceExceptionTranslators(PersistenceExceptionTranslationInterceptor.java:139)
	at org.springframework.dao.support.PersistenceExceptionTranslationInterceptor.<init>(PersistenceExceptionTranslationInterceptor.java:79)
	at org.springframework.dao.annotation.PersistenceExceptionTranslationAdvisor.<init>(PersistenceExceptionTranslationAdvisor.java:71)
	at org.springframework.dao.annotation.PersistenceExceptionTranslationPostProcessor.setBeanFactory(PersistenceExceptionTranslationPostProcessor.java:85)
	at org.springframework.beans.factory.support.AbstractAutowireCapableBeanFactory.invokeAwareMethods(AbstractAutowireCapableBeanFactory.java:1508)
	at org.springframework.beans.factory.support.AbstractAutowireCapableBeanFactory.initializeBean(AbstractAutowireCapableBeanFactory.java:1476)
	at org.springframework.beans.factory.support.AbstractAutowireCapableBeanFactory.doCreateBean(AbstractAutowireCapableBeanFactory.java:524)
	... 23 more
Caused by: java.lang.RuntimeException: error trying to scan <jar-file>: file:/home/clement/Bureau/CorrectionTP/InitialisationProjetAvance/target/spring-batch/WEB-INF/classes
	at org.hibernate.ejb.Ejb3Configuration.scanForClasses(Ejb3Configuration.java:864)
	at org.hibernate.ejb.Ejb3Configuration.configure(Ejb3Configuration.java:606)
	at org.hibernate.ejb.HibernatePersistence.createContainerEntityManagerFactory(HibernatePersistence.java:75)
	at org.springframework.orm.jpa.LocalContainerEntityManagerFactoryBean.createNativeEntityManagerFactory(LocalContainerEntityManagerFactoryBean.java:288)
	at org.springframework.orm.jpa.AbstractEntityManagerFactoryBean.afterPropertiesSet(AbstractEntityManagerFactoryBean.java:310)
	at org.springframework.beans.factory.support.AbstractAutowireCapableBeanFactory.invokeInitMethods(AbstractAutowireCapableBeanFactory.java:1547)
	at org.springframework.beans.factory.support.AbstractAutowireCapableBeanFactory.initializeBean(AbstractAutowireCapableBeanFactory.java:1485)
	... 38 more
Caused by: java.lang.RuntimeException: Error while reading file:/home/clement/Bureau/CorrectionTP/InitialisationProjetAvance/target/spring-batch/WEB-INF/classes
	at org.hibernate.ejb.packaging.NativeScanner.getClassesInJar(NativeScanner.java:131)
	at org.hibernate.ejb.Ejb3Configuration.addScannedEntries(Ejb3Configuration.java:487)
	at org.hibernate.ejb.Ejb3Configuration.scanForClasses(Ejb3Configuration.java:861)
	... 44 more
Caused by: java.io.EOFException
	at java.io.DataInputStream.readInt(DataInputStream.java:392)
	at javassist.bytecode.ClassFile.read(ClassFile.java:771)
	at javassist.bytecode.ClassFile.<init>(ClassFile.java:118)
	at org.hibernate.ejb.packaging.AbstractJarVisitor.checkAnnotationMatching(AbstractJarVisitor.java:246)
	at org.hibernate.ejb.packaging.AbstractJarVisitor.executeJavaElementFilter(AbstractJarVisitor.java:212)
	at org.hibernate.ejb.packaging.AbstractJarVisitor.addElement(AbstractJarVisitor.java:173)
	at org.hibernate.ejb.packaging.ExplodedJarVisitor.getClassNamesInTree(ExplodedJarVisitor.java:126)
	at org.hibernate.ejb.packaging.ExplodedJarVisitor.getClassNamesInTree(ExplodedJarVisitor.java:134)
	at org.hibernate.ejb.packaging.ExplodedJarVisitor.getClassNamesInTree(ExplodedJarVisitor.java:134)
	at org.hibernate.ejb.packaging.ExplodedJarVisitor.getClassNamesInTree(ExplodedJarVisitor.java:134)
	at org.hibernate.ejb.packaging.ExplodedJarVisitor.getClassNamesInTree(ExplodedJarVisitor.java:134)
	at org.hibernate.ejb.packaging.ExplodedJarVisitor.getClassNamesInTree(ExplodedJarVisitor.java:134)
	at org.hibernate.ejb.packaging.ExplodedJarVisitor.getClassNamesInTree(ExplodedJarVisitor.java:134)
	at org.hibernate.ejb.packaging.ExplodedJarVisitor.getClassNamesInTree(ExplodedJarVisitor.java:134)
	at org.hibernate.ejb.packaging.ExplodedJarVisitor.doProcessElements(ExplodedJarVisitor.java:92)
	at org.hibernate.ejb.packaging.AbstractJarVisitor.getMatchingEntries(AbstractJarVisitor.java:149)
	at org.hibernate.ejb.packaging.NativeScanner.getClassesInJar(NativeScanner.java:128)
	... 46 more

nov. 04, 2016 3:48:02 PM org.apache.catalina.core.ApplicationContext log
INFOS: Closing Spring root WebApplicationContext
nov. 04, 2016 3:48:03 PM org.apache.catalina.core.ApplicationContext log
INFOS: ContextListener: contextInitialized()
nov. 04, 2016 3:48:03 PM org.apache.catalina.core.ApplicationContext log
INFOS: SessionListener: contextInitialized()
nov. 04, 2016 3:48:03 PM org.apache.catalina.core.ApplicationContext log
INFOS: ContextListener: attributeAdded('org.apache.jasper.compiler.TldLocationsCache', 'org.apache.jasper.compiler.TldLocationsCache@1b38657e')
nov. 04, 2016 3:48:03 PM org.apache.catalina.core.ApplicationContext log
INFOS: SessionListener: contextDestroyed()
nov. 04, 2016 3:48:03 PM org.apache.catalina.core.ApplicationContext log
INFOS: ContextListener: contextDestroyed()
nov. 04, 2016 3:49:02 PM org.apache.catalina.core.ApplicationContext log
INFOS: No Spring WebApplicationInitializer types detected on classpath
nov. 04, 2016 3:49:02 PM org.apache.catalina.core.ApplicationContext log
INFOS: Initializing Spring root WebApplicationContext
nov. 04, 2016 3:49:02 PM org.apache.catalina.core.StandardContext listenerStart
GRAVE: Exception lors de l'envoi de l'évènement contexte initialisé (context initialized) à l'instance de classe d'écoute (listener) org.springframework.web.context.ContextLoaderListener
org.springframework.beans.factory.BeanDefinitionStoreException: Failed to load bean class: com.ujm.xmltech.services.impl.TransactionServiceImpl; nested exception is org.springframework.core.NestedIOException: ASM ClassReader failed to parse class file - probably due to a new Java class file version that isn't supported yet: class path resource [java/lang/annotation/Target.class]; nested exception is java.lang.IllegalArgumentException
	at org.springframework.context.annotation.ConfigurationClassPostProcessor.processConfigBeanDefinitions(ConfigurationClassPostProcessor.java:289)
	at org.springframework.context.annotation.ConfigurationClassPostProcessor.postProcessBeanDefinitionRegistry(ConfigurationClassPostProcessor.java:223)
	at org.springframework.context.support.AbstractApplicationContext.invokeBeanFactoryPostProcessors(AbstractApplicationContext.java:630)
	at org.springframework.context.support.AbstractApplicationContext.refresh(AbstractApplicationContext.java:461)
	at org.springframework.web.context.ContextLoader.configureAndRefreshWebApplicationContext(ContextLoader.java:389)
	at org.springframework.web.context.ContextLoader.initWebApplicationContext(ContextLoader.java:294)
	at org.springframework.web.context.ContextLoaderListener.contextInitialized(ContextLoaderListener.java:112)
	at org.apache.catalina.core.StandardContext.listenerStart(StandardContext.java:4939)
	at org.apache.catalina.core.StandardContext.startInternal(StandardContext.java:5434)
	at org.apache.catalina.util.LifecycleBase.start(LifecycleBase.java:150)
	at org.apache.catalina.core.ContainerBase.addChildInternal(ContainerBase.java:901)
	at org.apache.catalina.core.ContainerBase.addChild(ContainerBase.java:877)
	at org.apache.catalina.core.StandardHost.addChild(StandardHost.java:633)
	at org.apache.catalina.startup.HostConfig.deployDescriptor(HostConfig.java:663)
	at org.apache.catalina.startup.HostConfig.deployApps(HostConfig.java:542)
	at org.apache.catalina.startup.HostConfig.check(HostConfig.java:1468)
	at sun.reflect.NativeMethodAccessorImpl.invoke0(Native Method)
	at sun.reflect.NativeMethodAccessorImpl.invoke(NativeMethodAccessorImpl.java:62)
	at sun.reflect.DelegatingMethodAccessorImpl.invoke(DelegatingMethodAccessorImpl.java:43)
	at java.lang.reflect.Method.invoke(Method.java:498)
	at org.apache.tomcat.util.modeler.BaseModelMBean.invoke(BaseModelMBean.java:301)
	at com.sun.jmx.interceptor.DefaultMBeanServerInterceptor.invoke(DefaultMBeanServerInterceptor.java:819)
	at com.sun.jmx.mbeanserver.JmxMBeanServer.invoke(JmxMBeanServer.java:801)
	at org.apache.catalina.manager.ManagerServlet.check(ManagerServlet.java:1447)
	at org.apache.catalina.manager.ManagerServlet.deploy(ManagerServlet.java:862)
	at org.apache.catalina.manager.ManagerServlet.doGet(ManagerServlet.java:358)
	at javax.servlet.http.HttpServlet.service(HttpServlet.java:621)
	at javax.servlet.http.HttpServlet.service(HttpServlet.java:728)
	at org.apache.catalina.core.ApplicationFilterChain.internalDoFilter(ApplicationFilterChain.java:305)
	at org.apache.catalina.core.ApplicationFilterChain.doFilter(ApplicationFilterChain.java:210)
	at org.apache.tomcat.websocket.server.WsFilter.doFilter(WsFilter.java:51)
	at org.apache.catalina.core.ApplicationFilterChain.internalDoFilter(ApplicationFilterChain.java:243)
	at org.apache.catalina.core.ApplicationFilterChain.doFilter(ApplicationFilterChain.java:210)
	at org.apache.catalina.filters.SetCharacterEncodingFilter.doFilter(SetCharacterEncodingFilter.java:108)
	at org.apache.catalina.core.ApplicationFilterChain.internalDoFilter(ApplicationFilterChain.java:243)
	at org.apache.catalina.core.ApplicationFilterChain.doFilter(ApplicationFilterChain.java:210)
	at org.apache.catalina.core.StandardWrapperValve.invoke(StandardWrapperValve.java:222)
	at org.apache.catalina.core.StandardContextValve.invoke(StandardContextValve.java:123)
	at org.apache.catalina.authenticator.AuthenticatorBase.invoke(AuthenticatorBase.java:611)
	at org.apache.catalina.core.StandardHostValve.invoke(StandardHostValve.java:171)
	at org.apache.catalina.valves.ErrorReportValve.invoke(ErrorReportValve.java:100)
	at org.apache.catalina.valves.AccessLogValve.invoke(AccessLogValve.java:953)
	at org.apache.catalina.core.StandardEngineValve.invoke(StandardEngineValve.java:118)
	at org.apache.catalina.connector.CoyoteAdapter.service(CoyoteAdapter.java:408)
	at org.apache.coyote.http11.AbstractHttp11Processor.process(AbstractHttp11Processor.java:1041)
	at org.apache.coyote.AbstractProtocol$AbstractConnectionHandler.process(AbstractProtocol.java:603)
	at org.apache.tomcat.util.net.JIoEndpoint$SocketProcessor.run(JIoEndpoint.java:310)
	at java.util.concurrent.ThreadPoolExecutor.runWorker(ThreadPoolExecutor.java:1142)
	at java.util.concurrent.ThreadPoolExecutor$Worker.run(ThreadPoolExecutor.java:617)
	at java.lang.Thread.run(Thread.java:745)
Caused by: org.springframework.core.NestedIOException: ASM ClassReader failed to parse class file - probably due to a new Java class file version that isn't supported yet: class path resource [java/lang/annotation/Target.class]; nested exception is java.lang.IllegalArgumentException
	at org.springframework.core.type.classreading.SimpleMetadataReader.<init>(SimpleMetadataReader.java:56)
	at org.springframework.core.type.classreading.SimpleMetadataReaderFactory.getMetadataReader(SimpleMetadataReaderFactory.java:80)
	at org.springframework.core.type.classreading.CachingMetadataReaderFactory.getMetadataReader(CachingMetadataReaderFactory.java:102)
	at org.springframework.core.type.classreading.SimpleMetadataReaderFactory.getMetadataReader(SimpleMetadataReaderFactory.java:76)
	at org.springframework.context.annotation.ConfigurationClassParser.getImports(ConfigurationClassParser.java:298)
	at org.springframework.context.annotation.ConfigurationClassParser.getImports(ConfigurationClassParser.java:300)
	at org.springframework.context.annotation.ConfigurationClassParser.getImports(ConfigurationClassParser.java:300)
	at org.springframework.context.annotation.ConfigurationClassParser.doProcessConfigurationClass(ConfigurationClassParser.java:230)
	at org.springframework.context.annotation.ConfigurationClassParser.processConfigurationClass(ConfigurationClassParser.java:153)
	at org.springframework.context.annotation.ConfigurationClassParser.parse(ConfigurationClassParser.java:130)
	at org.springframework.context.annotation.ConfigurationClassPostProcessor.processConfigBeanDefinitions(ConfigurationClassPostProcessor.java:285)
	... 49 more
Caused by: java.lang.IllegalArgumentException
	at org.springframework.asm.ClassReader.<init>(Unknown Source)
	at org.springframework.asm.ClassReader.<init>(Unknown Source)
	at org.springframework.asm.ClassReader.<init>(Unknown Source)
	at org.springframework.core.type.classreading.SimpleMetadataReader.<init>(SimpleMetadataReader.java:53)
	... 59 more

nov. 04, 2016 3:49:02 PM org.apache.catalina.core.ApplicationContext log
INFOS: Closing Spring root WebApplicationContext
nov. 04, 2016 3:49:09 PM org.apache.catalina.core.ApplicationContext log
INFOS: No Spring WebApplicationInitializer types detected on classpath
nov. 04, 2016 3:49:09 PM org.apache.catalina.core.ApplicationContext log
INFOS: Initializing Spring root WebApplicationContext
nov. 04, 2016 3:49:10 PM org.apache.catalina.core.StandardContext listenerStart
GRAVE: Exception lors de l'envoi de l'évènement contexte initialisé (context initialized) à l'instance de classe d'écoute (listener) org.springframework.web.context.ContextLoaderListener
org.springframework.beans.factory.BeanDefinitionStoreException: Failed to load bean class: com.ujm.xmltech.services.impl.TransactionServiceImpl; nested exception is org.springframework.core.NestedIOException: ASM ClassReader failed to parse class file - probably due to a new Java class file version that isn't supported yet: class path resource [java/lang/annotation/Target.class]; nested exception is java.lang.IllegalArgumentException
	at org.springframework.context.annotation.ConfigurationClassPostProcessor.processConfigBeanDefinitions(ConfigurationClassPostProcessor.java:289)
	at org.springframework.context.annotation.ConfigurationClassPostProcessor.postProcessBeanDefinitionRegistry(ConfigurationClassPostProcessor.java:223)
	at org.springframework.context.support.AbstractApplicationContext.invokeBeanFactoryPostProcessors(AbstractApplicationContext.java:630)
	at org.springframework.context.support.AbstractApplicationContext.refresh(AbstractApplicationContext.java:461)
	at org.springframework.web.context.ContextLoader.configureAndRefreshWebApplicationContext(ContextLoader.java:389)
	at org.springframework.web.context.ContextLoader.initWebApplicationContext(ContextLoader.java:294)
	at org.springframework.web.context.ContextLoaderListener.contextInitialized(ContextLoaderListener.java:112)
	at org.apache.catalina.core.StandardContext.listenerStart(StandardContext.java:4939)
	at org.apache.catalina.core.StandardContext.startInternal(StandardContext.java:5434)
	at org.apache.catalina.util.LifecycleBase.start(LifecycleBase.java:150)
	at org.apache.catalina.core.ContainerBase.addChildInternal(ContainerBase.java:901)
	at org.apache.catalina.core.ContainerBase.addChild(ContainerBase.java:877)
	at org.apache.catalina.core.StandardHost.addChild(StandardHost.java:633)
	at org.apache.catalina.startup.HostConfig.deployDescriptor(HostConfig.java:663)
	at org.apache.catalina.startup.HostConfig.deployApps(HostConfig.java:542)
	at org.apache.catalina.startup.HostConfig.check(HostConfig.java:1468)
	at sun.reflect.NativeMethodAccessorImpl.invoke0(Native Method)
	at sun.reflect.NativeMethodAccessorImpl.invoke(NativeMethodAccessorImpl.java:62)
	at sun.reflect.DelegatingMethodAccessorImpl.invoke(DelegatingMethodAccessorImpl.java:43)
	at java.lang.reflect.Method.invoke(Method.java:498)
	at org.apache.tomcat.util.modeler.BaseModelMBean.invoke(BaseModelMBean.java:301)
	at com.sun.jmx.interceptor.DefaultMBeanServerInterceptor.invoke(DefaultMBeanServerInterceptor.java:819)
	at com.sun.jmx.mbeanserver.JmxMBeanServer.invoke(JmxMBeanServer.java:801)
	at org.apache.catalina.manager.ManagerServlet.check(ManagerServlet.java:1447)
	at org.apache.catalina.manager.ManagerServlet.deploy(ManagerServlet.java:862)
	at org.apache.catalina.manager.ManagerServlet.doGet(ManagerServlet.java:358)
	at javax.servlet.http.HttpServlet.service(HttpServlet.java:621)
	at javax.servlet.http.HttpServlet.service(HttpServlet.java:728)
	at org.apache.catalina.core.ApplicationFilterChain.internalDoFilter(ApplicationFilterChain.java:305)
	at org.apache.catalina.core.ApplicationFilterChain.doFilter(ApplicationFilterChain.java:210)
	at org.apache.tomcat.websocket.server.WsFilter.doFilter(WsFilter.java:51)
	at org.apache.catalina.core.ApplicationFilterChain.internalDoFilter(ApplicationFilterChain.java:243)
	at org.apache.catalina.core.ApplicationFilterChain.doFilter(ApplicationFilterChain.java:210)
	at org.apache.catalina.filters.SetCharacterEncodingFilter.doFilter(SetCharacterEncodingFilter.java:108)
	at org.apache.catalina.core.ApplicationFilterChain.internalDoFilter(ApplicationFilterChain.java:243)
	at org.apache.catalina.core.ApplicationFilterChain.doFilter(ApplicationFilterChain.java:210)
	at org.apache.catalina.core.StandardWrapperValve.invoke(StandardWrapperValve.java:222)
	at org.apache.catalina.core.StandardContextValve.invoke(StandardContextValve.java:123)
	at org.apache.catalina.authenticator.AuthenticatorBase.invoke(AuthenticatorBase.java:611)
	at org.apache.catalina.core.StandardHostValve.invoke(StandardHostValve.java:171)
	at org.apache.catalina.valves.ErrorReportValve.invoke(ErrorReportValve.java:100)
	at org.apache.catalina.valves.AccessLogValve.invoke(AccessLogValve.java:953)
	at org.apache.catalina.core.StandardEngineValve.invoke(StandardEngineValve.java:118)
	at org.apache.catalina.connector.CoyoteAdapter.service(CoyoteAdapter.java:408)
	at org.apache.coyote.http11.AbstractHttp11Processor.process(AbstractHttp11Processor.java:1041)
	at org.apache.coyote.AbstractProtocol$AbstractConnectionHandler.process(AbstractProtocol.java:603)
	at org.apache.tomcat.util.net.JIoEndpoint$SocketProcessor.run(JIoEndpoint.java:310)
	at java.util.concurrent.ThreadPoolExecutor.runWorker(ThreadPoolExecutor.java:1142)
	at java.util.concurrent.ThreadPoolExecutor$Worker.run(ThreadPoolExecutor.java:617)
	at java.lang.Thread.run(Thread.java:745)
Caused by: org.springframework.core.NestedIOException: ASM ClassReader failed to parse class file - probably due to a new Java class file version that isn't supported yet: class path resource [java/lang/annotation/Target.class]; nested exception is java.lang.IllegalArgumentException
	at org.springframework.core.type.classreading.SimpleMetadataReader.<init>(SimpleMetadataReader.java:56)
	at org.springframework.core.type.classreading.SimpleMetadataReaderFactory.getMetadataReader(SimpleMetadataReaderFactory.java:80)
	at org.springframework.core.type.classreading.CachingMetadataReaderFactory.getMetadataReader(CachingMetadataReaderFactory.java:102)
	at org.springframework.core.type.classreading.SimpleMetadataReaderFactory.getMetadataReader(SimpleMetadataReaderFactory.java:76)
	at org.springframework.context.annotation.ConfigurationClassParser.getImports(ConfigurationClassParser.java:298)
	at org.springframework.context.annotation.ConfigurationClassParser.getImports(ConfigurationClassParser.java:300)
	at org.springframework.context.annotation.ConfigurationClassParser.getImports(ConfigurationClassParser.java:300)
	at org.springframework.context.annotation.ConfigurationClassParser.doProcessConfigurationClass(ConfigurationClassParser.java:230)
	at org.springframework.context.annotation.ConfigurationClassParser.processConfigurationClass(ConfigurationClassParser.java:153)
	at org.springframework.context.annotation.ConfigurationClassParser.parse(ConfigurationClassParser.java:130)
	at org.springframework.context.annotation.ConfigurationClassPostProcessor.processConfigBeanDefinitions(ConfigurationClassPostProcessor.java:285)
	... 49 more
Caused by: java.lang.IllegalArgumentException
	at org.springframework.asm.ClassReader.<init>(Unknown Source)
	at org.springframework.asm.ClassReader.<init>(Unknown Source)
	at org.springframework.asm.ClassReader.<init>(Unknown Source)
	at org.springframework.core.type.classreading.SimpleMetadataReader.<init>(SimpleMetadataReader.java:53)
	... 59 more

nov. 04, 2016 3:49:10 PM org.apache.catalina.core.ApplicationContext log
INFOS: Closing Spring root WebApplicationContext
nov. 04, 2016 3:49:47 PM org.apache.catalina.core.ApplicationContext log
INFOS: SessionListener: contextDestroyed()
nov. 04, 2016 3:49:47 PM org.apache.catalina.core.ApplicationContext log
INFOS: ContextListener: contextDestroyed()
nov. 04, 2016 3:50:37 PM org.apache.catalina.core.ApplicationContext log
INFOS: No Spring WebApplicationInitializer types detected on classpath
nov. 04, 2016 3:50:37 PM org.apache.catalina.core.ApplicationContext log
INFOS: Initializing Spring root WebApplicationContext
nov. 04, 2016 3:50:44 PM org.apache.catalina.core.ApplicationContext log
INFOS: ContextListener: contextInitialized()
nov. 04, 2016 3:50:44 PM org.apache.catalina.core.ApplicationContext log
INFOS: SessionListener: contextInitialized()
nov. 04, 2016 3:50:44 PM org.apache.catalina.core.ApplicationContext log
INFOS: ContextListener: attributeAdded('org.apache.jasper.compiler.TldLocationsCache', 'org.apache.jasper.compiler.TldLocationsCache@3334f39d')
nov. 04, 2016 3:50:46 PM org.apache.catalina.core.ApplicationContext log
INFOS: Closing Spring root WebApplicationContext
nov. 04, 2016 3:50:48 PM org.apache.catalina.core.ApplicationContext log
INFOS: No Spring WebApplicationInitializer types detected on classpath
nov. 04, 2016 3:50:48 PM org.apache.catalina.core.ApplicationContext log
INFOS: Initializing Spring root WebApplicationContext
nov. 04, 2016 4:13:44 PM org.apache.catalina.core.ApplicationContext log
INFOS: Closing Spring root WebApplicationContext
nov. 04, 2016 4:13:46 PM org.apache.catalina.core.ApplicationContext log
INFOS: No Spring WebApplicationInitializer types detected on classpath
nov. 04, 2016 4:13:46 PM org.apache.catalina.core.ApplicationContext log
INFOS: Initializing Spring root WebApplicationContext
nov. 04, 2016 4:14:08 PM org.apache.catalina.core.ApplicationContext log
INFOS: SessionListener: contextDestroyed()
nov. 04, 2016 4:14:08 PM org.apache.catalina.core.ApplicationContext log
INFOS: ContextListener: contextDestroyed()
nov. 04, 2016 4:14:08 PM org.apache.catalina.core.ApplicationContext log
INFOS: Closing Spring root WebApplicationContext
nov. 04, 2016 4:14:28 PM org.apache.catalina.core.ApplicationContext log
INFOS: No Spring WebApplicationInitializer types detected on classpath
nov. 04, 2016 4:14:28 PM org.apache.catalina.core.ApplicationContext log
INFOS: Initializing Spring root WebApplicationContext
nov. 04, 2016 4:14:34 PM org.apache.catalina.core.ApplicationContext log
INFOS: ContextListener: contextInitialized()
nov. 04, 2016 4:14:34 PM org.apache.catalina.core.ApplicationContext log
INFOS: SessionListener: contextInitialized()
nov. 04, 2016 4:14:34 PM org.apache.catalina.core.ApplicationContext log
INFOS: ContextListener: attributeAdded('org.apache.jasper.compiler.TldLocationsCache', 'org.apache.jasper.compiler.TldLocationsCache@55871991')
nov. 04, 2016 4:14:35 PM org.apache.catalina.core.ApplicationContext log
INFOS: Closing Spring root WebApplicationContext
nov. 04, 2016 4:14:37 PM org.apache.catalina.core.ApplicationContext log
INFOS: No Spring WebApplicationInitializer types detected on classpath
nov. 04, 2016 4:14:37 PM org.apache.catalina.core.ApplicationContext log
INFOS: Initializing Spring root WebApplicationContext
nov. 04, 2016 4:21:43 PM org.apache.catalina.core.ApplicationContext log
INFOS: Closing Spring root WebApplicationContext
nov. 04, 2016 4:21:44 PM org.apache.catalina.core.ApplicationContext log
INFOS: No Spring WebApplicationInitializer types detected on classpath
nov. 04, 2016 4:21:44 PM org.apache.catalina.core.ApplicationContext log
INFOS: Initializing Spring root WebApplicationContext
nov. 04, 2016 4:21:47 PM org.apache.catalina.core.ApplicationContext log
INFOS: SessionListener: contextDestroyed()
nov. 04, 2016 4:21:47 PM org.apache.catalina.core.ApplicationContext log
INFOS: ContextListener: contextDestroyed()
nov. 04, 2016 4:21:48 PM org.apache.catalina.core.ApplicationContext log
INFOS: Closing Spring root WebApplicationContext
nov. 04, 2016 4:23:14 PM org.apache.catalina.core.ApplicationContext log
INFOS: No Spring WebApplicationInitializer types detected on classpath
nov. 04, 2016 4:23:14 PM org.apache.catalina.core.ApplicationContext log
INFOS: Initializing Spring root WebApplicationContext
nov. 04, 2016 4:23:22 PM org.apache.catalina.core.ApplicationContext log
INFOS: ContextListener: contextInitialized()
nov. 04, 2016 4:23:22 PM org.apache.catalina.core.ApplicationContext log
INFOS: SessionListener: contextInitialized()
nov. 04, 2016 4:23:22 PM org.apache.catalina.core.ApplicationContext log
INFOS: ContextListener: attributeAdded('org.apache.jasper.compiler.TldLocationsCache', 'org.apache.jasper.compiler.TldLocationsCache@48c71134')
nov. 04, 2016 4:23:44 PM org.apache.catalina.core.ApplicationContext log
INFOS: Closing Spring root WebApplicationContext
nov. 04, 2016 4:23:46 PM org.apache.catalina.core.ApplicationContext log
INFOS: No Spring WebApplicationInitializer types detected on classpath
nov. 04, 2016 4:23:46 PM org.apache.catalina.core.ApplicationContext log
INFOS: Initializing Spring root WebApplicationContext
nov. 04, 2016 4:25:11 PM org.apache.catalina.core.ApplicationContext log
INFOS: SessionListener: contextDestroyed()
nov. 04, 2016 4:25:11 PM org.apache.catalina.core.ApplicationContext log
INFOS: ContextListener: contextDestroyed()
nov. 04, 2016 4:25:11 PM org.apache.catalina.core.ApplicationContext log
INFOS: Closing Spring root WebApplicationContext
nov. 04, 2016 4:25:27 PM org.apache.catalina.core.ApplicationContext log
INFOS: No Spring WebApplicationInitializer types detected on classpath
nov. 04, 2016 4:25:27 PM org.apache.catalina.core.ApplicationContext log
INFOS: Initializing Spring root WebApplicationContext
nov. 04, 2016 4:25:31 PM org.apache.catalina.core.ApplicationContext log
INFOS: ContextListener: contextInitialized()
nov. 04, 2016 4:25:31 PM org.apache.catalina.core.ApplicationContext log
INFOS: SessionListener: contextInitialized()
nov. 04, 2016 4:25:31 PM org.apache.catalina.core.ApplicationContext log
INFOS: ContextListener: attributeAdded('org.apache.jasper.compiler.TldLocationsCache', 'org.apache.jasper.compiler.TldLocationsCache@6e4486a5')
nov. 04, 2016 4:25:31 PM org.apache.catalina.core.ApplicationContext log
INFOS: Closing Spring root WebApplicationContext
nov. 04, 2016 4:25:33 PM org.apache.catalina.core.ApplicationContext log
INFOS: No Spring WebApplicationInitializer types detected on classpath
nov. 04, 2016 4:25:33 PM org.apache.catalina.core.ApplicationContext log
INFOS: Initializing Spring root WebApplicationContext
nov. 04, 2016 4:26:23 PM org.apache.catalina.core.ApplicationContext log
INFOS: Closing Spring root WebApplicationContext
nov. 04, 2016 4:26:25 PM org.apache.catalina.core.ApplicationContext log
INFOS: No Spring WebApplicationInitializer types detected on classpath
nov. 04, 2016 4:26:25 PM org.apache.catalina.core.ApplicationContext log
INFOS: Initializing Spring root WebApplicationContext
nov. 04, 2016 4:53:13 PM org.apache.catalina.core.ApplicationContext log
INFOS: SessionListener: contextDestroyed()
nov. 04, 2016 4:53:13 PM org.apache.catalina.core.ApplicationContext log
INFOS: ContextListener: contextDestroyed()
nov. 04, 2016 4:53:14 PM org.apache.catalina.core.ApplicationContext log
INFOS: Closing Spring root WebApplicationContext
