nov. 07, 2016 4:09:23 PM org.apache.catalina.core.ApplicationContext log
INFOS: Manager: init: Associated with Deployer 'Catalina:type=Deployer,host=localhost'
nov. 07, 2016 4:09:23 PM org.apache.catalina.core.ApplicationContext log
INFOS: Manager: init: Global resources are available
nov. 07, 2016 4:09:23 PM org.apache.catalina.core.ApplicationContext log
INFOS: Manager: list: Listing contexts for virtual host 'localhost'
nov. 07, 2016 4:09:23 PM org.apache.catalina.core.ApplicationContext log
INFOS: Manager: list: Listing contexts for virtual host 'localhost'
nov. 07, 2016 4:09:23 PM org.apache.catalina.core.ApplicationContext log
INFOS: Manager: undeploy: Undeploying web application at '/ProjectBase'
nov. 07, 2016 4:09:25 PM org.apache.catalina.core.ApplicationContext log
INFOS: Manager: install: Installing context configuration at 'file:/tmp/context4276564730871012864.xml'
nov. 07, 2016 4:10:09 PM org.apache.catalina.core.ApplicationContext log
INFOS: Manager: list: Listing contexts for virtual host 'localhost'
nov. 07, 2016 4:10:09 PM org.apache.catalina.core.ApplicationContext log
INFOS: Manager: list: Listing contexts for virtual host 'localhost'
nov. 07, 2016 4:10:09 PM org.apache.catalina.core.ApplicationContext log
INFOS: Manager: undeploy: Undeploying web application at '/InitialisationProjetAvance'
nov. 07, 2016 4:10:09 PM org.apache.catalina.core.ApplicationContext log
INFOS: Manager: install: Installing context configuration at 'file:/tmp/context781724281768130956.xml'
nov. 07, 2016 4:10:57 PM org.apache.catalina.core.ApplicationContext log
INFOS: Manager: list: Listing contexts for virtual host 'localhost'
nov. 07, 2016 4:10:57 PM org.apache.catalina.core.ApplicationContext log
INFOS: Manager: list: Listing contexts for virtual host 'localhost'
nov. 07, 2016 4:10:57 PM org.apache.catalina.core.ApplicationContext log
INFOS: Manager: undeploy: Undeploying web application at '/InitialisationProjetAvance'
nov. 07, 2016 4:10:58 PM org.apache.catalina.core.ApplicationContext log
INFOS: Manager: install: Installing context configuration at 'file:/tmp/context5230280383482924229.xml'
nov. 07, 2016 4:11:21 PM org.apache.catalina.core.ApplicationContext log
INFOS: Manager: list: Listing contexts for virtual host 'localhost'
nov. 07, 2016 4:11:21 PM org.apache.catalina.core.ApplicationContext log
INFOS: Manager: list: Listing contexts for virtual host 'localhost'
nov. 07, 2016 4:11:21 PM org.apache.catalina.core.ApplicationContext log
INFOS: Manager: undeploy: Undeploying web application at '/InitialisationProjetAvance'
nov. 07, 2016 4:11:22 PM org.apache.catalina.core.ApplicationContext log
INFOS: Manager: install: Installing context configuration at 'file:/tmp/context3299387714663175016.xml'
nov. 07, 2016 4:12:44 PM org.apache.catalina.core.ApplicationContext log
INFOS: Manager: list: Listing contexts for virtual host 'localhost'
nov. 07, 2016 4:13:15 PM org.apache.catalina.core.ApplicationContext log
INFOS: Manager: list: Listing contexts for virtual host 'localhost'
nov. 07, 2016 4:13:15 PM org.apache.catalina.core.ApplicationContext log
INFOS: Manager: list: Listing contexts for virtual host 'localhost'
nov. 07, 2016 4:13:15 PM org.apache.catalina.core.ApplicationContext log
INFOS: Manager: undeploy: Undeploying web application at '/InitialisationProjetAvance'
nov. 07, 2016 4:13:16 PM org.apache.catalina.core.ApplicationContext log
INFOS: Manager: install: Installing context configuration at 'file:/tmp/context8150575213337233261.xml'
nov. 07, 2016 4:13:51 PM org.apache.catalina.core.ApplicationContext log
INFOS: Manager: list: Listing contexts for virtual host 'localhost'
nov. 07, 2016 4:13:51 PM org.apache.catalina.core.ApplicationContext log
INFOS: Manager: list: Listing contexts for virtual host 'localhost'
nov. 07, 2016 4:13:51 PM org.apache.catalina.core.ApplicationContext log
INFOS: Manager: undeploy: Undeploying web application at '/InitialisationProjetAvance'
nov. 07, 2016 4:13:52 PM org.apache.catalina.core.ApplicationContext log
INFOS: Manager: install: Installing context configuration at 'file:/tmp/context4641234981937716364.xml'
nov. 07, 2016 4:14:57 PM org.apache.catalina.core.ApplicationContext log
INFOS: Manager: list: Listing contexts for virtual host 'localhost'
nov. 07, 2016 4:14:57 PM org.apache.catalina.core.ApplicationContext log
INFOS: Manager: list: Listing contexts for virtual host 'localhost'
nov. 07, 2016 4:15:26 PM org.apache.catalina.core.ApplicationContext log
INFOS: Manager: list: Listing contexts for virtual host 'localhost'
nov. 07, 2016 4:23:42 PM org.apache.catalina.core.ApplicationContext log
INFOS: Manager: init: Associated with Deployer 'Catalina:type=Deployer,host=localhost'
nov. 07, 2016 4:23:42 PM org.apache.catalina.core.ApplicationContext log
INFOS: Manager: init: Global resources are available
nov. 07, 2016 4:23:42 PM org.apache.catalina.core.ApplicationContext log
INFOS: Manager: list: Listing contexts for virtual host 'localhost'
nov. 07, 2016 4:23:42 PM org.apache.catalina.core.ApplicationContext log
INFOS: Manager: list: Listing contexts for virtual host 'localhost'
nov. 07, 2016 4:23:42 PM org.apache.catalina.core.ApplicationContext log
INFOS: Manager: undeploy: Undeploying web application at '/InitialisationProjetAvance'
nov. 07, 2016 4:23:43 PM org.apache.catalina.core.ApplicationContext log
INFOS: Manager: install: Installing context configuration at 'file:/tmp/context719841264951719336.xml'
nov. 07, 2016 4:23:49 PM org.apache.catalina.core.ApplicationContext log
INFOS: Manager: start: Starting web application '/InitialisationProjetAvance'
nov. 07, 2016 4:25:09 PM org.apache.catalina.core.ApplicationContext log
INFOS: Manager: list: Listing contexts for virtual host 'localhost'
nov. 07, 2016 4:25:09 PM org.apache.catalina.core.ApplicationContext log
INFOS: Manager: undeploy: Undeploying web application at '/InitialisationProjetAvance'
nov. 07, 2016 4:25:11 PM org.apache.catalina.core.ApplicationContext log
INFOS: Manager: install: Installing context configuration at 'file:/tmp/context503347177294236742.xml'
